n1 -> n1 n1 0.005494505494505495 
n1 -> n1 n2 0.005494505494505495 
n1 -> n1 n3 0.005494505494505495 
n1 -> n1 n4 0.005494505494505495 
n1 -> n1 n5 0.005494505494505495 
n1 -> n1 n6 0.005494505494505495 
n1 -> n1 n7 0.005494505494505495 
n1 -> n1 n8 0.005494505494505495 
n1 -> n1 n9 0.005494505494505495 
n1 -> n1 I 0.005494505494505495 
n1 -> n1 J 0.005494505494505495 
n1 -> n1 K 0.005494505494505495 
n1 -> n1 L 0.005494505494505495 
n1 -> n1 M 0.005494505494505495 
n1 -> n1 O 0.005494505494505495 
n1 -> n2 n1 0.005494505494505495 
n1 -> n2 n2 0.005494505494505495 
n1 -> n2 n3 0.005494505494505495 
n1 -> n2 n4 0.005494505494505495 
n1 -> n2 n5 0.005494505494505495 
n1 -> n2 n6 0.005494505494505495 
n1 -> n2 n7 0.005494505494505495 
n1 -> n2 n8 0.005494505494505495 
n1 -> n2 n9 0.005494505494505495 
n1 -> n2 I 0.005494505494505495 
n1 -> n2 J 0.005494505494505495 
n1 -> n2 K 0.005494505494505495 
n1 -> n2 L 0.005494505494505495 
n1 -> n2 M 0.005494505494505495 
n1 -> n2 O 0.005494505494505495 
n1 -> n3 n1 0.005494505494505495 
n1 -> n3 n2 0.005494505494505495 
n1 -> n3 n3 0.005494505494505495 
n1 -> n3 n4 0.005494505494505495 
n1 -> n3 n5 0.005494505494505495 
n1 -> n3 n6 0.005494505494505495 
n1 -> n3 n7 0.005494505494505495 
n1 -> n3 n8 0.005494505494505495 
n1 -> n3 n9 0.005494505494505495 
n1 -> n3 I 0.005494505494505495 
n1 -> n3 J 0.005494505494505495 
n1 -> n3 K 0.005494505494505495 
n1 -> n3 L 0.005494505494505495 
n1 -> n3 M 0.005494505494505495 
n1 -> n3 O 0.005494505494505495 
n1 -> n4 n1 0.005494505494505495 
n1 -> n4 n2 0.005494505494505495 
n1 -> n4 n3 0.005494505494505495 
n1 -> n4 n4 0.005494505494505495 
n1 -> n4 n5 0.005494505494505495 
n1 -> n4 n6 0.005494505494505495 
n1 -> n4 n7 0.005494505494505495 
n1 -> n4 n8 0.005494505494505495 
n1 -> n4 n9 0.005494505494505495 
n1 -> n4 I 0.005494505494505495 
n1 -> n4 J 0.005494505494505495 
n1 -> n4 K 0.005494505494505495 
n1 -> n4 L 0.005494505494505495 
n1 -> n4 M 0.005494505494505495 
n1 -> n4 O 0.005494505494505495 
n1 -> n5 n1 0.005494505494505495 
n1 -> n5 n2 0.005494505494505495 
n1 -> n5 n3 0.005494505494505495 
n1 -> n5 n4 0.005494505494505495 
n1 -> n5 n5 0.005494505494505495 
n1 -> n5 n6 0.005494505494505495 
n1 -> n5 n7 0.005494505494505495 
n1 -> n5 n8 0.005494505494505495 
n1 -> n5 n9 0.005494505494505495 
n1 -> n5 I 0.005494505494505495 
n1 -> n5 J 0.005494505494505495 
n1 -> n5 K 0.005494505494505495 
n1 -> n5 L 0.005494505494505495 
n1 -> n5 M 0.005494505494505495 
n1 -> n5 O 0.005494505494505495 
n1 -> n6 n1 0.005494505494505495 
n1 -> n6 n2 0.005494505494505495 
n1 -> n6 n3 0.005494505494505495 
n1 -> n6 n4 0.005494505494505495 
n1 -> n6 n5 0.005494505494505495 
n1 -> n6 n6 0.005494505494505495 
n1 -> n6 n7 0.005494505494505495 
n1 -> n6 n8 0.005494505494505495 
n1 -> n6 n9 0.005494505494505495 
n1 -> n6 I 0.005494505494505495 
n1 -> n6 J 0.005494505494505495 
n1 -> n6 K 0.005494505494505495 
n1 -> n6 L 0.005494505494505495 
n1 -> n6 M 0.005494505494505495 
n1 -> n6 O 0.005494505494505495 
n1 -> n7 n1 0.005494505494505495 
n1 -> n7 n2 0.005494505494505495 
n1 -> n7 n3 0.005494505494505495 
n1 -> n7 n4 0.005494505494505495 
n1 -> n7 n5 0.005494505494505495 
n1 -> n7 n6 0.005494505494505495 
n1 -> n7 n7 0.005494505494505495 
n1 -> n7 n8 0.005494505494505495 
n1 -> n7 n9 0.005494505494505495 
n1 -> n7 I 0.005494505494505495 
n1 -> n7 J 0.005494505494505495 
n1 -> n7 K 0.005494505494505495 
n1 -> n7 L 0.005494505494505495 
n1 -> n7 M 0.005494505494505495 
n1 -> n7 O 0.005494505494505495 
n1 -> n8 n1 0.005494505494505495 
n1 -> n8 n2 0.005494505494505495 
n1 -> n8 n3 0.005494505494505495 
n1 -> n8 n4 0.005494505494505495 
n1 -> n8 n5 0.005494505494505495 
n1 -> n8 n6 0.005494505494505495 
n1 -> n8 n7 0.005494505494505495 
n1 -> n8 n8 0.005494505494505495 
n1 -> n8 n9 0.005494505494505495 
n1 -> n8 I 0.005494505494505495 
n1 -> n8 J 0.005494505494505495 
n1 -> n8 K 0.005494505494505495 
n1 -> n8 L 0.005494505494505495 
n1 -> n8 M 0.005494505494505495 
n1 -> n8 O 0.005494505494505495 
n1 -> n9 n1 0.005494505494505495 
n1 -> n9 n2 0.005494505494505495 
n1 -> n9 n3 0.005494505494505495 
n1 -> n9 n4 0.005494505494505495 
n1 -> n9 n5 0.005494505494505495 
n1 -> n9 n6 0.005494505494505495 
n1 -> n9 n7 0.005494505494505495 
n1 -> n9 n8 0.005494505494505495 
n1 -> n9 n9 0.005494505494505495 
n1 -> n9 I 0.005494505494505495 
n1 -> n9 J 0.005494505494505495 
n1 -> n9 K 0.005494505494505495 
n1 -> n9 L 0.005494505494505495 
n1 -> n9 M 0.005494505494505495 
n1 -> n9 O 0.005494505494505495 
n1 -> I n1 0.005494505494505495 
n1 -> I n2 0.005494505494505495 
n1 -> I n3 0.005494505494505495 
n1 -> I n4 0.005494505494505495 
n1 -> I n5 0.005494505494505495 
n1 -> I n6 0.005494505494505495 
n1 -> I n7 0.005494505494505495 
n1 -> I n8 0.005494505494505495 
n1 -> I n9 0.005494505494505495 
n1 -> I I 0.005494505494505495 
n1 -> I J 0.005494505494505495 
n1 -> I K 0.005494505494505495 
n1 -> I L 0.005494505494505495 
n1 -> I M 0.005494505494505495 
n1 -> I O 0.005494505494505495 
n1 -> J n1 0.005494505494505495 
n1 -> J n2 0.005494505494505495 
n1 -> J n3 0.005494505494505495 
n1 -> J n4 0.005494505494505495 
n1 -> J n5 0.005494505494505495 
n1 -> J n6 0.005494505494505495 
n1 -> J n7 0.005494505494505495 
n1 -> J n8 0.005494505494505495 
n1 -> J n9 0.005494505494505495 
n1 -> J I 0.005494505494505495 
n1 -> J J 0.005494505494505495 
n1 -> J K 0.005494505494505495 
n1 -> J L 0.005494505494505495 
n1 -> J M 0.005494505494505495 
n1 -> J O 0.005494505494505495 
n1 -> K n1 0.005494505494505495 
n1 -> K n2 0.005494505494505495 
n1 -> K n3 0.005494505494505495 
n1 -> K n4 0.005494505494505495 
n1 -> K n5 0.005494505494505495 
n1 -> K n6 0.005494505494505495 
n1 -> K n7 0.005494505494505495 
n1 -> K n8 0.005494505494505495 
n1 -> K n9 0.005494505494505495 
n1 -> K I 0.005494505494505495 
n1 -> K J 0.005494505494505495 
n1 -> K K 0.005494505494505495 
n1 -> K L 0.005494505494505495 
n1 -> K M 0.005494505494505495 
n1 -> K O 0.005494505494505495 
n1 -> L n1 0.005494505494505495 
n1 -> L n2 0.005494505494505495 
n1 -> L n3 0.005494505494505495 
n1 -> L n4 0.005494505494505495 
n1 -> L n5 0.005494505494505495 
n1 -> L n6 0.005494505494505495 
n1 -> L n7 0.005494505494505495 
n1 -> L n8 0.005494505494505495 
n1 -> L n9 0.005494505494505495 
n1 -> L I 0.005494505494505495 
n1 -> L J 0.005494505494505495 
n1 -> L K 0.005494505494505495 
n1 -> L L 0.005494505494505495 
n1 -> L M 0.005494505494505495 
n1 -> L O 0.005494505494505495 
n1 -> M n1 0.005494505494505495 
n1 -> M n2 0.005494505494505495 
n1 -> M n3 0.005494505494505495 
n1 -> M n4 0.005494505494505495 
n1 -> M n5 0.005494505494505495 
n1 -> M n6 0.005494505494505495 
n1 -> M n7 0.005494505494505495 
n1 -> M n8 0.005494505494505495 
n1 -> M n9 0.005494505494505495 
n1 -> M I 0.005494505494505495 
n1 -> M J 0.005494505494505495 
n1 -> M K 0.005494505494505495 
n1 -> M L 0.005494505494505495 
n1 -> M M 0.005494505494505495 
n1 -> M O 0.005494505494505495 
n1 -> O n1 0.005494505494505495 
n1 -> O n2 0.005494505494505495 
n1 -> O n3 0.005494505494505495 
n1 -> O n4 0.005494505494505495 
n1 -> O n5 0.005494505494505495 
n1 -> O n6 0.005494505494505495 
n1 -> O n7 0.005494505494505495 
n1 -> O n8 0.005494505494505495 
n1 -> O n9 0.005494505494505495 
n1 -> O I 0.005494505494505495 
n1 -> O J 0.005494505494505495 
n1 -> O K 0.005494505494505495 
n1 -> O L 0.005494505494505495 
n1 -> O M 0.005494505494505495 
n1 -> O O 0.005494505494505495 
n2 -> n1 n1 0.005494505494505495 
n2 -> n1 n2 0.005494505494505495 
n2 -> n1 n3 0.005494505494505495 
n2 -> n1 n4 0.005494505494505495 
n2 -> n1 n5 0.005494505494505495 
n2 -> n1 n6 0.005494505494505495 
n2 -> n1 n7 0.005494505494505495 
n2 -> n1 n8 0.005494505494505495 
n2 -> n1 n9 0.005494505494505495 
n2 -> n1 I 0.005494505494505495 
n2 -> n1 J 0.005494505494505495 
n2 -> n1 K 0.005494505494505495 
n2 -> n1 L 0.005494505494505495 
n2 -> n1 M 0.005494505494505495 
n2 -> n1 O 0.005494505494505495 
n2 -> n2 n1 0.005494505494505495 
n2 -> n2 n2 0.005494505494505495 
n2 -> n2 n3 0.005494505494505495 
n2 -> n2 n4 0.005494505494505495 
n2 -> n2 n5 0.005494505494505495 
n2 -> n2 n6 0.005494505494505495 
n2 -> n2 n7 0.005494505494505495 
n2 -> n2 n8 0.005494505494505495 
n2 -> n2 n9 0.005494505494505495 
n2 -> n2 I 0.005494505494505495 
n2 -> n2 J 0.005494505494505495 
n2 -> n2 K 0.005494505494505495 
n2 -> n2 L 0.005494505494505495 
n2 -> n2 M 0.005494505494505495 
n2 -> n2 O 0.005494505494505495 
n2 -> n3 n1 0.005494505494505495 
n2 -> n3 n2 0.005494505494505495 
n2 -> n3 n3 0.005494505494505495 
n2 -> n3 n4 0.005494505494505495 
n2 -> n3 n5 0.005494505494505495 
n2 -> n3 n6 0.005494505494505495 
n2 -> n3 n7 0.005494505494505495 
n2 -> n3 n8 0.005494505494505495 
n2 -> n3 n9 0.005494505494505495 
n2 -> n3 I 0.005494505494505495 
n2 -> n3 J 0.005494505494505495 
n2 -> n3 K 0.005494505494505495 
n2 -> n3 L 0.005494505494505495 
n2 -> n3 M 0.005494505494505495 
n2 -> n3 O 0.005494505494505495 
n2 -> n4 n1 0.005494505494505495 
n2 -> n4 n2 0.005494505494505495 
n2 -> n4 n3 0.005494505494505495 
n2 -> n4 n4 0.005494505494505495 
n2 -> n4 n5 0.005494505494505495 
n2 -> n4 n6 0.005494505494505495 
n2 -> n4 n7 0.005494505494505495 
n2 -> n4 n8 0.005494505494505495 
n2 -> n4 n9 0.005494505494505495 
n2 -> n4 I 0.005494505494505495 
n2 -> n4 J 0.005494505494505495 
n2 -> n4 K 0.005494505494505495 
n2 -> n4 L 0.005494505494505495 
n2 -> n4 M 0.005494505494505495 
n2 -> n4 O 0.005494505494505495 
n2 -> n5 n1 0.005494505494505495 
n2 -> n5 n2 0.005494505494505495 
n2 -> n5 n3 0.005494505494505495 
n2 -> n5 n4 0.005494505494505495 
n2 -> n5 n5 0.005494505494505495 
n2 -> n5 n6 0.005494505494505495 
n2 -> n5 n7 0.005494505494505495 
n2 -> n5 n8 0.005494505494505495 
n2 -> n5 n9 0.005494505494505495 
n2 -> n5 I 0.005494505494505495 
n2 -> n5 J 0.005494505494505495 
n2 -> n5 K 0.005494505494505495 
n2 -> n5 L 0.005494505494505495 
n2 -> n5 M 0.005494505494505495 
n2 -> n5 O 0.005494505494505495 
n2 -> n6 n1 0.005494505494505495 
n2 -> n6 n2 0.005494505494505495 
n2 -> n6 n3 0.005494505494505495 
n2 -> n6 n4 0.005494505494505495 
n2 -> n6 n5 0.005494505494505495 
n2 -> n6 n6 0.005494505494505495 
n2 -> n6 n7 0.005494505494505495 
n2 -> n6 n8 0.005494505494505495 
n2 -> n6 n9 0.005494505494505495 
n2 -> n6 I 0.005494505494505495 
n2 -> n6 J 0.005494505494505495 
n2 -> n6 K 0.005494505494505495 
n2 -> n6 L 0.005494505494505495 
n2 -> n6 M 0.005494505494505495 
n2 -> n6 O 0.005494505494505495 
n2 -> n7 n1 0.005494505494505495 
n2 -> n7 n2 0.005494505494505495 
n2 -> n7 n3 0.005494505494505495 
n2 -> n7 n4 0.005494505494505495 
n2 -> n7 n5 0.005494505494505495 
n2 -> n7 n6 0.005494505494505495 
n2 -> n7 n7 0.005494505494505495 
n2 -> n7 n8 0.005494505494505495 
n2 -> n7 n9 0.005494505494505495 
n2 -> n7 I 0.005494505494505495 
n2 -> n7 J 0.005494505494505495 
n2 -> n7 K 0.005494505494505495 
n2 -> n7 L 0.005494505494505495 
n2 -> n7 M 0.005494505494505495 
n2 -> n7 O 0.005494505494505495 
n2 -> n8 n1 0.005494505494505495 
n2 -> n8 n2 0.005494505494505495 
n2 -> n8 n3 0.005494505494505495 
n2 -> n8 n4 0.005494505494505495 
