n1 -> n2 n2 0.005494505494505495 
n1 -> n2 n3 0.005494505494505495 
n1 -> n2 n4 0.005494505494505495 
n1 -> n2 n5 0.005494505494505495 
n1 -> n2 n6 0.005494505494505495 
n1 -> n2 n7 0.005494505494505495 
n1 -> n2 n8 0.005494505494505495 
n1 -> n2 n9 0.005494505494505495 
n1 -> n2 I 0.005494505494505495 
n1 -> n2 J 0.005494505494505495 
n1 -> n2 K 0.005494505494505495 
n1 -> n2 L 0.005494505494505495 
n1 -> n2 M 0.005494505494505495 
n1 -> n2 O 0.005494505494505495 
n1 -> n3 n2 0.005494505494505495 
n1 -> n3 n3 0.005494505494505495 
n1 -> n3 n4 0.005494505494505495 
n1 -> n3 n5 0.005494505494505495 
n1 -> n3 n6 0.005494505494505495 
n1 -> n3 n7 0.005494505494505495 
n1 -> n3 n8 0.005494505494505495 
n1 -> n3 n9 0.005494505494505495 
n1 -> n3 I 0.005494505494505495 
n1 -> n3 J 0.005494505494505495 
n1 -> n3 K 0.005494505494505495 
n1 -> n3 L 0.005494505494505495 
n1 -> n3 M 0.005494505494505495 
n1 -> n3 O 0.005494505494505495 
n1 -> n4 n2 0.005494505494505495 
n1 -> n4 n3 0.005494505494505495 
n1 -> n4 n4 0.005494505494505495 
n1 -> n4 n5 0.005494505494505495 
n1 -> n4 n6 0.005494505494505495 
n1 -> n4 n7 0.005494505494505495 
n1 -> n4 n8 0.005494505494505495 
n1 -> n4 n9 0.005494505494505495 
n1 -> n4 I 0.005494505494505495 
n1 -> n4 J 0.005494505494505495 
n1 -> n4 K 0.005494505494505495 
n1 -> n4 L 0.005494505494505495 
n1 -> n4 M 0.005494505494505495 
n1 -> n4 O 0.005494505494505495 
n1 -> n5 n2 0.005494505494505495 
n1 -> n5 n3 0.005494505494505495 
n1 -> n5 n4 0.005494505494505495 
n1 -> n5 n5 0.005494505494505495 
n1 -> n5 n6 0.005494505494505495 
n1 -> n5 n7 0.005494505494505495 
n1 -> n5 n8 0.005494505494505495 
n1 -> n5 n9 0.005494505494505495 
n1 -> n5 I 0.005494505494505495 
n1 -> n5 J 0.005494505494505495 
n1 -> n5 K 0.005494505494505495 
n1 -> n5 L 0.005494505494505495 
n1 -> n5 M 0.005494505494505495 
n1 -> n5 O 0.005494505494505495 
n1 -> n6 n2 0.005494505494505495 
n1 -> n6 n3 0.005494505494505495 
n1 -> n6 n4 0.005494505494505495 
n1 -> n6 n5 0.005494505494505495 
n1 -> n6 n6 0.005494505494505495 
n1 -> n6 n7 0.005494505494505495 
n1 -> n6 n8 0.005494505494505495 
n1 -> n6 n9 0.005494505494505495 
n1 -> n6 I 0.005494505494505495 
n1 -> n6 J 0.005494505494505495 
n1 -> n6 K 0.005494505494505495 
n1 -> n6 L 0.005494505494505495 
n1 -> n6 M 0.005494505494505495 
n1 -> n6 O 0.005494505494505495 
n1 -> n7 n2 0.005494505494505495 
n1 -> n7 n3 0.005494505494505495 
n1 -> n7 n4 0.005494505494505495 
n1 -> n7 n5 0.005494505494505495 
n1 -> n7 n6 0.005494505494505495 
n1 -> n7 n7 0.005494505494505495 
n1 -> n7 n8 0.005494505494505495 
n1 -> n7 n9 0.005494505494505495 
n1 -> n7 I 0.005494505494505495 
n1 -> n7 J 0.005494505494505495 
n1 -> n7 K 0.005494505494505495 
n1 -> n7 L 0.005494505494505495 
n1 -> n7 M 0.005494505494505495 
n1 -> n7 O 0.005494505494505495 
n1 -> n8 n2 0.005494505494505495 
n1 -> n8 n3 0.005494505494505495 
n1 -> n8 n4 0.005494505494505495 
n1 -> n8 n5 0.005494505494505495 
n1 -> n8 n6 0.005494505494505495 
n1 -> n8 n7 0.005494505494505495 
n1 -> n8 n8 0.005494505494505495 
n1 -> n8 n9 0.005494505494505495 
n1 -> n8 I 0.005494505494505495 
n1 -> n8 J 0.005494505494505495 
n1 -> n8 K 0.005494505494505495 
n1 -> n8 L 0.005494505494505495 
n1 -> n8 M 0.005494505494505495 
n1 -> n8 O 0.005494505494505495 
n1 -> n9 n2 0.005494505494505495 
n1 -> n9 n3 0.005494505494505495 
n1 -> n9 n4 0.005494505494505495 
n1 -> n9 n5 0.005494505494505495 
n1 -> n9 n6 0.005494505494505495 
n1 -> n9 n7 0.005494505494505495 
n1 -> n9 n8 0.005494505494505495 
n1 -> n9 n9 0.005494505494505495 
n1 -> n9 I 0.005494505494505495 
n1 -> n9 J 0.005494505494505495 
n1 -> n9 K 0.005494505494505495 
n1 -> n9 L 0.005494505494505495 
n1 -> n9 M 0.005494505494505495 
n1 -> n9 O 0.005494505494505495 
n1 -> I n2 0.005494505494505495 
n1 -> I n3 0.005494505494505495 
n1 -> I n4 0.005494505494505495 
n1 -> I n5 0.005494505494505495 
n1 -> I n6 0.005494505494505495 
n1 -> I n7 0.005494505494505495 
n1 -> I n8 0.005494505494505495 
n1 -> I n9 0.005494505494505495 
n1 -> I I 0.005494505494505495 
n1 -> I J 0.005494505494505495 
n1 -> I K 0.005494505494505495 
n1 -> I L 0.005494505494505495 
n1 -> I M 0.005494505494505495 
n1 -> I O 0.005494505494505495 
n1 -> J n2 0.005494505494505495 
n1 -> J n3 0.005494505494505495 
n1 -> J n4 0.005494505494505495 
n1 -> J n5 0.005494505494505495 
n1 -> J n6 0.005494505494505495 
n1 -> J n7 0.005494505494505495 
n1 -> J n8 0.005494505494505495 
n1 -> J n9 0.005494505494505495 
n1 -> J I 0.005494505494505495 
n1 -> J J 0.005494505494505495 
n1 -> J K 0.005494505494505495 
n1 -> J L 0.005494505494505495 
n1 -> J M 0.005494505494505495 
n1 -> J O 0.005494505494505495 
n1 -> K n2 0.005494505494505495 
n1 -> K n3 0.005494505494505495 
n1 -> K n4 0.005494505494505495 
n1 -> K n5 0.005494505494505495 
n1 -> K n6 0.005494505494505495 
n1 -> K n7 0.005494505494505495 
n1 -> K n8 0.005494505494505495 
n1 -> K n9 0.005494505494505495 
n1 -> K I 0.005494505494505495 
n1 -> K J 0.005494505494505495 
n1 -> K K 0.005494505494505495 
n1 -> K L 0.005494505494505495 
n1 -> K M 0.005494505494505495 
n1 -> K O 0.005494505494505495 
n1 -> L n2 0.005494505494505495 
n1 -> L n3 0.005494505494505495 
n1 -> L n4 0.005494505494505495 
n1 -> L n5 0.005494505494505495 
n1 -> L n6 0.005494505494505495 
n1 -> L n7 0.005494505494505495 
n1 -> L n8 0.005494505494505495 
n1 -> L n9 0.005494505494505495 
n1 -> L I 0.005494505494505495 
n1 -> L J 0.005494505494505495 
n1 -> L K 0.005494505494505495 
n1 -> L L 0.005494505494505495 
n1 -> L M 0.005494505494505495 
n1 -> L O 0.005494505494505495 
n1 -> M n2 0.005494505494505495 
n1 -> M n3 0.005494505494505495 
n1 -> M n4 0.005494505494505495 
n1 -> M n5 0.005494505494505495 
n1 -> M n6 0.005494505494505495 
n1 -> M n7 0.005494505494505495 
n1 -> M n8 0.005494505494505495 
n1 -> M n9 0.005494505494505495 
n1 -> M I 0.005494505494505495 
n1 -> M J 0.005494505494505495 
n1 -> M K 0.005494505494505495 
n1 -> M L 0.005494505494505495 
n1 -> M M 0.005494505494505495 
n1 -> M O 0.005494505494505495 
n1 -> O n2 0.005494505494505495 
n1 -> O n3 0.005494505494505495 
n1 -> O n4 0.005494505494505495 
n1 -> O n5 0.005494505494505495 
n1 -> O n6 0.005494505494505495 
n1 -> O n7 0.005494505494505495 
n1 -> O n8 0.005494505494505495 
n1 -> O n9 0.005494505494505495 
n1 -> O I 0.005494505494505495 
n1 -> O J 0.005494505494505495 
n1 -> O K 0.005494505494505495 
n1 -> O L 0.005494505494505495 
n1 -> O M 0.005494505494505495 
n1 -> O O 0.005494505494505495 
n2 -> n1 n1 0.005494505494505495 
n2 -> n1 n3 0.005494505494505495 
n2 -> n1 n4 0.005494505494505495 
n2 -> n1 n5 0.005494505494505495 
n2 -> n1 n6 0.005494505494505495 
n2 -> n1 n7 0.005494505494505495 
n2 -> n1 n8 0.005494505494505495 
n2 -> n1 n9 0.005494505494505495 
n2 -> n1 I 0.005494505494505495 
n2 -> n1 J 0.005494505494505495 
n2 -> n1 K 0.005494505494505495 
n2 -> n1 L 0.005494505494505495 
n2 -> n1 M 0.005494505494505495 
n2 -> n1 O 0.005494505494505495 
n2 -> n3 n1 0.005494505494505495 
n2 -> n3 n3 0.005494505494505495 
n2 -> n3 n4 0.005494505494505495 
n2 -> n3 n5 0.005494505494505495 
n2 -> n3 n6 0.005494505494505495 
n2 -> n3 n7 0.005494505494505495 
n2 -> n3 n8 0.005494505494505495 
n2 -> n3 n9 0.005494505494505495 
n2 -> n3 I 0.005494505494505495 
n2 -> n3 J 0.005494505494505495 
n2 -> n3 K 0.005494505494505495 
n2 -> n3 L 0.005494505494505495 
n2 -> n3 M 0.005494505494505495 
n2 -> n3 O 0.005494505494505495 
n2 -> n4 n1 0.005494505494505495 
n2 -> n4 n3 0.005494505494505495 
n2 -> n4 n4 0.005494505494505495 
n2 -> n4 n5 0.005494505494505495 
n2 -> n4 n6 0.005494505494505495 
n2 -> n4 n7 0.005494505494505495 
n2 -> n4 n8 0.005494505494505495 
n2 -> n4 n9 0.005494505494505495 
n2 -> n4 I 0.005494505494505495 
n2 -> n4 J 0.005494505494505495 
n2 -> n4 K 0.005494505494505495 
n2 -> n4 L 0.005494505494505495 
n2 -> n4 M 0.005494505494505495 
n2 -> n4 O 0.005494505494505495 
n2 -> n5 n1 0.005494505494505495 
n2 -> n5 n3 0.005494505494505495 
n2 -> n5 n4 0.005494505494505495 
n2 -> n5 n5 0.005494505494505495 
n2 -> n5 n6 0.005494505494505495 
n2 -> n5 n7 0.005494505494505495 
n2 -> n5 n8 0.005494505494505495 
n2 -> n5 n9 0.005494505494505495 
n2 -> n5 I 0.005494505494505495 
n2 -> n5 J 0.005494505494505495 
n2 -> n5 K 0.005494505494505495 
n2 -> n5 L 0.005494505494505495 
n2 -> n5 M 0.005494505494505495 
n2 -> n5 O 0.005494505494505495 
n2 -> n6 n1 0.005494505494505495 
n2 -> n6 n3 0.005494505494505495 
n2 -> n6 n4 0.005494505494505495 
n2 -> n6 n5 0.005494505494505495 
n2 -> n6 n6 0.005494505494505495 
n2 -> n6 n7 0.005494505494505495 
n2 -> n6 n8 0.005494505494505495 
n2 -> n6 n9 0.005494505494505495 
n2 -> n6 I 0.005494505494505495 
n2 -> n6 J 0.005494505494505495 
n2 -> n6 K 0.005494505494505495 
n2 -> n6 L 0.005494505494505495 
n2 -> n6 M 0.005494505494505495 
n2 -> n6 O 0.005494505494505495 
n2 -> n7 n1 0.005494505494505495 
n2 -> n7 n3 0.005494505494505495 
n2 -> n7 n4 0.005494505494505495 
n2 -> n7 n5 0.005494505494505495 
n2 -> n7 n6 0.005494505494505495 
n2 -> n7 n7 0.005494505494505495 
n2 -> n7 n8 0.005494505494505495 
n2 -> n7 n9 0.005494505494505495 
n2 -> n7 I 0.005494505494505495 
n2 -> n7 J 0.005494505494505495 
n2 -> n7 K 0.005494505494505495 
n2 -> n7 L 0.005494505494505495 
n2 -> n7 M 0.005494505494505495 
n2 -> n7 O 0.005494505494505495 
n2 -> n8 n1 0.005494505494505495 
n2 -> n8 n3 0.005494505494505495 
n2 -> n8 n4 0.005494505494505495 
n2 -> n8 n5 0.005494505494505495 
n2 -> n8 n6 0.005494505494505495 
n2 -> n8 n7 0.005494505494505495 
n2 -> n8 n8 0.005494505494505495 
n2 -> n8 n9 0.005494505494505495 
n2 -> n8 I 0.005494505494505495 
n2 -> n8 J 0.005494505494505495 
n2 -> n8 K 0.005494505494505495 
n2 -> n8 L 0.005494505494505495 
n2 -> n8 M 0.005494505494505495 
n2 -> n8 O 0.005494505494505495 
n2 -> n9 n1 0.005494505494505495 
n2 -> n9 n3 0.005494505494505495 
n2 -> n9 n4 0.005494505494505495 
n2 -> n9 n5 0.005494505494505495 
n2 -> n9 n6 0.005494505494505495 
n2 -> n9 n7 0.005494505494505495 
n2 -> n9 n8 0.005494505494505495 
n2 -> n9 n9 0.005494505494505495 
n2 -> n9 I 0.005494505494505495 
n2 -> n9 J 0.005494505494505495 
n2 -> n9 K 0.005494505494505495 
n2 -> n9 L 0.005494505494505495 
n2 -> n9 M 0.005494505494505495 
n2 -> n9 O 0.005494505494505495 
n2 -> I n1 0.005494505494505495 
n2 -> I n3 0.005494505494505495 
n2 -> I n4 0.005494505494505495 
n2 -> I n5 0.005494505494505495 
n2 -> I n6 0.005494505494505495 
n2 -> I n7 0.005494505494505495 
n2 -> I n8 0.005494505494505495 
n2 -> I n9 0.005494505494505495 
n2 -> I I 0.005494505494505495 
n2 -> I J 0.005494505494505495 
n2 -> I K 0.005494505494505495 
n2 -> I L 0.005494505494505495 
n2 -> I M 0.005494505494505495 
n2 -> I O 0.005494505494505495 
n2 -> J n1 0.005494505494505495 
n2 -> J n3 0.005494505494505495 
n2 -> J n4 0.005494505494505495 
n2 -> J n5 0.005494505494505495 
n2 -> J n6 0.005494505494505495 
n2 -> J n7 0.005494505494505495 
n2 -> J n8 0.005494505494505495 
n2 -> J n9 0.005494505494505495 
n2 -> J I 0.005494505494505495 
n2 -> J J 0.005494505494505495 
n2 -> J K 0.005494505494505495 
n2 -> J L 0.005494505494505495 
n2 -> J M 0.005494505494505495 
n2 -> J O 0.005494505494505495 
n2 -> K n1 0.005494505494505495 
n2 -> K n3 0.005494505494505495 
n2 -> K n4 0.005494505494505495 
n2 -> K n5 0.005494505494505495 
n2 -> K n6 0.005494505494505495 
n2 -> K n7 0.005494505494505495 
n2 -> K n8 0.005494505494505495 
n2 -> K n9 0.005494505494505495 
n2 -> K I 0.005494505494505495 
n2 -> K J 0.005494505494505495 
n2 -> K K 0.005494505494505495 
n2 -> K L 0.005494505494505495 
n2 -> K M 0.005494505494505495 
n2 -> K O 0.005494505494505495 
n2 -> L n1 0.005494505494505495 
n2 -> L n3 0.005494505494505495 
n2 -> L n4 0.005494505494505495 
n2 -> L n5 0.005494505494505495 
n2 -> L n6 0.005494505494505495 
n2 -> L n7 0.005494505494505495 
n2 -> L n8 0.005494505494505495 
n2 -> L n9 0.005494505494505495 
n2 -> L I 0.005494505494505495 
n2 -> L J 0.005494505494505495 
n2 -> L K 0.005494505494505495 
n2 -> L L 0.005494505494505495 
n2 -> L M 0.005494505494505495 
n2 -> L O 0.005494505494505495 
n2 -> M n1 0.005494505494505495 
n2 -> M n3 0.005494505494505495 
n2 -> M n4 0.005494505494505495 
n2 -> M n5 0.005494505494505495 
n2 -> M n6 0.005494505494505495 
n2 -> M n7 0.005494505494505495 
n2 -> M n8 0.005494505494505495 
n2 -> M n9 0.005494505494505495 
n2 -> M I 0.005494505494505495 
n2 -> M J 0.005494505494505495 
n2 -> M K 0.005494505494505495 
n2 -> M L 0.005494505494505495 
n2 -> M M 0.005494505494505495 
n2 -> M O 0.005494505494505495 
n2 -> O n1 0.005494505494505495 
n2 -> O n3 0.005494505494505495 
n2 -> O n4 0.005494505494505495 
n2 -> O n5 0.005494505494505495 
n2 -> O n6 0.005494505494505495 
n2 -> O n7 0.005494505494505495 
n2 -> O n8 0.005494505494505495 
n2 -> O n9 0.005494505494505495 
n2 -> O I 0.005494505494505495 
n2 -> O J 0.005494505494505495 
n2 -> O K 0.005494505494505495 
n2 -> O L 0.005494505494505495 
n2 -> O M 0.005494505494505495 
n2 -> O O 0.005494505494505495 
n3 -> n1 n1 0.005494505494505495 
n3 -> n1 n2 0.005494505494505495 
n3 -> n1 n4 0.005494505494505495 
n3 -> n1 n5 0.005494505494505495 
n3 -> n1 n6 0.005494505494505495 
n3 -> n1 n7 0.005494505494505495 
n3 -> n1 n8 0.005494505494505495 
n3 -> n1 n9 0.005494505494505495 
n3 -> n1 I 0.005494505494505495 
n3 -> n1 J 0.005494505494505495 
n3 -> n1 K 0.005494505494505495 
n3 -> n1 L 0.005494505494505495 
n3 -> n1 M 0.005494505494505495 
n3 -> n1 O 0.005494505494505495 
n3 -> n2 n1 0.005494505494505495 
n3 -> n2 n2 0.005494505494505495 
n3 -> n2 n4 0.005494505494505495 
n3 -> n2 n5 0.005494505494505495 
n3 -> n2 n6 0.005494505494505495 
n3 -> n2 n7 0.005494505494505495 
n3 -> n2 n8 0.005494505494505495 
n3 -> n2 n9 0.005494505494505495 
n3 -> n2 I 0.005494505494505495 
n3 -> n2 J 0.005494505494505495 
n3 -> n2 K 0.005494505494505495 
n3 -> n2 L 0.005494505494505495 
n3 -> n2 M 0.005494505494505495 
n3 -> n2 O 0.005494505494505495 
n3 -> n4 n1 0.005494505494505495 
n3 -> n4 n2 0.005494505494505495 
n3 -> n4 n4 0.005494505494505495 
n3 -> n4 n5 0.005494505494505495 
n3 -> n4 n6 0.005494505494505495 
n3 -> n4 n7 0.005494505494505495 
n3 -> n4 n8 0.005494505494505495 
n3 -> n4 n9 0.005494505494505495 
n3 -> n4 I 0.005494505494505495 
n3 -> n4 J 0.005494505494505495 
n3 -> n4 K 0.005494505494505495 
n3 -> n4 L 0.005494505494505495 
n3 -> n4 M 0.005494505494505495 
n3 -> n4 O 0.005494505494505495 
n3 -> n5 n1 0.005494505494505495 
n3 -> n5 n2 0.005494505494505495 
n3 -> n5 n4 0.005494505494505495 
n3 -> n5 n5 0.005494505494505495 
n3 -> n5 n6 0.005494505494505495 
n3 -> n5 n7 0.005494505494505495 
n3 -> n5 n8 0.005494505494505495 
n3 -> n5 n9 0.005494505494505495 
n3 -> n5 I 0.005494505494505495 
n3 -> n5 J 0.005494505494505495 
n3 -> n5 K 0.005494505494505495 
n3 -> n5 L 0.005494505494505495 
n3 -> n5 M 0.005494505494505495 
n3 -> n5 O 0.005494505494505495 
n3 -> n6 n1 0.005494505494505495 
n3 -> n6 n2 0.005494505494505495 
n3 -> n6 n4 0.005494505494505495 
n3 -> n6 n5 0.005494505494505495 
n3 -> n6 n6 0.005494505494505495 
n3 -> n6 n7 0.005494505494505495 
n3 -> n6 n8 0.005494505494505495 
n3 -> n6 n9 0.005494505494505495 
n3 -> n6 I 0.005494505494505495 
n3 -> n6 J 0.005494505494505495 
n3 -> n6 K 0.005494505494505495 
n3 -> n6 L 0.005494505494505495 
n3 -> n6 M 0.005494505494505495 
n3 -> n6 O 0.005494505494505495 
n3 -> n7 n1 0.005494505494505495 
n3 -> n7 n2 0.005494505494505495 
n3 -> n7 n4 0.005494505494505495 
n3 -> n7 n5 0.005494505494505495 
n3 -> n7 n6 0.005494505494505495 
n3 -> n7 n7 0.005494505494505495 
n3 -> n7 n8 0.005494505494505495 
n3 -> n7 n9 0.005494505494505495 
n3 -> n7 I 0.005494505494505495 
n3 -> n7 J 0.005494505494505495 
n3 -> n7 K 0.005494505494505495 
n3 -> n7 L 0.005494505494505495 
n3 -> n7 M 0.005494505494505495 
n3 -> n7 O 0.005494505494505495 
n3 -> n8 n1 0.005494505494505495 
n3 -> n8 n2 0.005494505494505495 
n3 -> n8 n4 0.005494505494505495 
n3 -> n8 n5 0.005494505494505495 
n3 -> n8 n6 0.005494505494505495 
n3 -> n8 n7 0.005494505494505495 
n3 -> n8 n8 0.005494505494505495 
n3 -> n8 n9 0.005494505494505495 
n3 -> n8 I 0.005494505494505495 
n3 -> n8 J 0.005494505494505495 
n3 -> n8 K 0.005494505494505495 
n3 -> n8 L 0.005494505494505495 
n3 -> n8 M 0.005494505494505495 
n3 -> n8 O 0.005494505494505495 
n3 -> n9 n1 0.005494505494505495 
n3 -> n9 n2 0.005494505494505495 
n3 -> n9 n4 0.005494505494505495 
n3 -> n9 n5 0.005494505494505495 
n3 -> n9 n6 0.005494505494505495 
n3 -> n9 n7 0.005494505494505495 
n3 -> n9 n8 0.005494505494505495 
n3 -> n9 n9 0.005494505494505495 
n3 -> n9 I 0.005494505494505495 
n3 -> n9 J 0.005494505494505495 
n3 -> n9 K 0.005494505494505495 
n3 -> n9 L 0.005494505494505495 
n3 -> n9 M 0.005494505494505495 
n3 -> n9 O 0.005494505494505495 
n3 -> I n1 0.005494505494505495 
n3 -> I n2 0.005494505494505495 
n3 -> I n4 0.005494505494505495 
n3 -> I n5 0.005494505494505495 
n3 -> I n6 0.005494505494505495 
n3 -> I n7 0.005494505494505495 
n3 -> I n8 0.005494505494505495 
n3 -> I n9 0.005494505494505495 
n3 -> I I 0.005494505494505495 
n3 -> I J 0.005494505494505495 
n3 -> I K 0.005494505494505495 
n3 -> I L 0.005494505494505495 
n3 -> I M 0.005494505494505495 
n3 -> I O 0.005494505494505495 
n3 -> J n1 0.005494505494505495 
n3 -> J n2 0.005494505494505495 
n3 -> J n4 0.005494505494505495 
n3 -> J n5 0.005494505494505495 
n3 -> J n6 0.005494505494505495 
n3 -> J n7 0.005494505494505495 
n3 -> J n8 0.005494505494505495 
n3 -> J n9 0.005494505494505495 
n3 -> J I 0.005494505494505495 
n3 -> J J 0.005494505494505495 
n3 -> J K 0.005494505494505495 
n3 -> J L 0.005494505494505495 
n3 -> J M 0.005494505494505495 
n3 -> J O 0.005494505494505495 
n3 -> K n1 0.005494505494505495 
n3 -> K n2 0.005494505494505495 
n3 -> K n4 0.005494505494505495 
n3 -> K n5 0.005494505494505495 
n3 -> K n6 0.005494505494505495 
n3 -> K n7 0.005494505494505495 
n3 -> K n8 0.005494505494505495 
n3 -> K n9 0.005494505494505495 
n3 -> K I 0.005494505494505495 
n3 -> K J 0.005494505494505495 
n3 -> K K 0.005494505494505495 
n3 -> K L 0.005494505494505495 
n3 -> K M 0.005494505494505495 
n3 -> K O 0.005494505494505495 
n3 -> L n1 0.005494505494505495 
n3 -> L n2 0.005494505494505495 
n3 -> L n4 0.005494505494505495 
n3 -> L n5 0.005494505494505495 
n3 -> L n6 0.005494505494505495 
n3 -> L n7 0.005494505494505495 
n3 -> L n8 0.005494505494505495 
n3 -> L n9 0.005494505494505495 
n3 -> L I 0.005494505494505495 
n3 -> L J 0.005494505494505495 
n3 -> L K 0.005494505494505495 
n3 -> L L 0.005494505494505495 
n3 -> L M 0.005494505494505495 
n3 -> L O 0.005494505494505495 
n3 -> M n1 0.005494505494505495 
n3 -> M n2 0.005494505494505495 
n3 -> M n4 0.005494505494505495 
n3 -> M n5 0.005494505494505495 
n3 -> M n6 0.005494505494505495 
n3 -> M n7 0.005494505494505495 
n3 -> M n8 0.005494505494505495 
n3 -> M n9 0.005494505494505495 
n3 -> M I 0.005494505494505495 
n3 -> M J 0.005494505494505495 
n3 -> M K 0.005494505494505495 
n3 -> M L 0.005494505494505495 
n3 -> M M 0.005494505494505495 
n3 -> M O 0.005494505494505495 
n3 -> O n1 0.005494505494505495 
n3 -> O n2 0.005494505494505495 
n3 -> O n4 0.005494505494505495 
n3 -> O n5 0.005494505494505495 
n3 -> O n6 0.005494505494505495 
n3 -> O n7 0.005494505494505495 
n3 -> O n8 0.005494505494505495 
n3 -> O n9 0.005494505494505495 
n3 -> O I 0.005494505494505495 
n3 -> O J 0.005494505494505495 
n3 -> O K 0.005494505494505495 
n3 -> O L 0.005494505494505495 
n3 -> O M 0.005494505494505495 
n3 -> O O 0.005494505494505495 
n4 -> n1 n1 0.005494505494505495 
n4 -> n1 n2 0.005494505494505495 
n4 -> n1 n3 0.005494505494505495 
n4 -> n1 n5 0.005494505494505495 
n4 -> n1 n6 0.005494505494505495 
n4 -> n1 n7 0.005494505494505495 
n4 -> n1 n8 0.005494505494505495 
n4 -> n1 n9 0.005494505494505495 
n4 -> n1 I 0.005494505494505495 
n4 -> n1 J 0.005494505494505495 
n4 -> n1 K 0.005494505494505495 
n4 -> n1 L 0.005494505494505495 
n4 -> n1 M 0.005494505494505495 
n4 -> n1 O 0.005494505494505495 
n4 -> n2 n1 0.005494505494505495 
n4 -> n2 n2 0.005494505494505495 
n4 -> n2 n3 0.005494505494505495 
n4 -> n2 n5 0.005494505494505495 
n4 -> n2 n6 0.005494505494505495 
n4 -> n2 n7 0.005494505494505495 
n4 -> n2 n8 0.005494505494505495 
n4 -> n2 n9 0.005494505494505495 
n4 -> n2 I 0.005494505494505495 
n4 -> n2 J 0.005494505494505495 
n4 -> n2 K 0.005494505494505495 
n4 -> n2 L 0.005494505494505495 
n4 -> n2 M 0.005494505494505495 
n4 -> n2 O 0.005494505494505495 
n4 -> n3 n1 0.005494505494505495 
n4 -> n3 n2 0.005494505494505495 
n4 -> n3 n3 0.005494505494505495 
n4 -> n3 n5 0.005494505494505495 
n4 -> n3 n6 0.005494505494505495 
n4 -> n3 n7 0.005494505494505495 
n4 -> n3 n8 0.005494505494505495 
n4 -> n3 n9 0.005494505494505495 
n4 -> n3 I 0.005494505494505495 
n4 -> n3 J 0.005494505494505495 
n4 -> n3 K 0.005494505494505495 
n4 -> n3 L 0.005494505494505495 
n4 -> n3 M 0.005494505494505495 
n4 -> n3 O 0.005494505494505495 
n4 -> n5 n1 0.005494505494505495 
n4 -> n5 n2 0.005494505494505495 
n4 -> n5 n3 0.005494505494505495 
n4 -> n5 n5 0.005494505494505495 
n4 -> n5 n6 0.005494505494505495 
n4 -> n5 n7 0.005494505494505495 
n4 -> n5 n8 0.005494505494505495 
n4 -> n5 n9 0.005494505494505495 
n4 -> n5 I 0.005494505494505495 
n4 -> n5 J 0.005494505494505495 
n4 -> n5 K 0.005494505494505495 
n4 -> n5 L 0.005494505494505495 
n4 -> n5 M 0.005494505494505495 
n4 -> n5 O 0.005494505494505495 
n4 -> n6 n1 0.005494505494505495 
n4 -> n6 n2 0.005494505494505495 
n4 -> n6 n3 0.005494505494505495 
n4 -> n6 n5 0.005494505494505495 
n4 -> n6 n6 0.005494505494505495 
n4 -> n6 n7 0.005494505494505495 
n4 -> n6 n8 0.005494505494505495 
n4 -> n6 n9 0.005494505494505495 
n4 -> n6 I 0.005494505494505495 
n4 -> n6 J 0.005494505494505495 
n4 -> n6 K 0.005494505494505495 
n4 -> n6 L 0.005494505494505495 
n4 -> n6 M 0.005494505494505495 
n4 -> n6 O 0.005494505494505495 
n4 -> n7 n1 0.005494505494505495 
n4 -> n7 n2 0.005494505494505495 
n4 -> n7 n3 0.005494505494505495 
n4 -> n7 n5 0.005494505494505495 
n4 -> n7 n6 0.005494505494505495 
n4 -> n7 n7 0.005494505494505495 
n4 -> n7 n8 0.005494505494505495 
n4 -> n7 n9 0.005494505494505495 
n4 -> n7 I 0.005494505494505495 
n4 -> n7 J 0.005494505494505495 
n4 -> n7 K 0.005494505494505495 
n4 -> n7 L 0.005494505494505495 
n4 -> n7 M 0.005494505494505495 
n4 -> n7 O 0.005494505494505495 
n4 -> n8 n1 0.005494505494505495 
n4 -> n8 n2 0.005494505494505495 
n4 -> n8 n3 0.005494505494505495 
n4 -> n8 n5 0.005494505494505495 
n4 -> n8 n6 0.005494505494505495 
n4 -> n8 n7 0.005494505494505495 
n4 -> n8 n8 0.005494505494505495 
n4 -> n8 n9 0.005494505494505495 
n4 -> n8 I 0.005494505494505495 
n4 -> n8 J 0.005494505494505495 
n4 -> n8 K 0.005494505494505495 
n4 -> n8 L 0.005494505494505495 
n4 -> n8 M 0.005494505494505495 
n4 -> n8 O 0.005494505494505495 
n4 -> n9 n1 0.005494505494505495 
n4 -> n9 n2 0.005494505494505495 
n4 -> n9 n3 0.005494505494505495 
n4 -> n9 n5 0.005494505494505495 
n4 -> n9 n6 0.005494505494505495 
n4 -> n9 n7 0.005494505494505495 
n4 -> n9 n8 0.005494505494505495 
n4 -> n9 n9 0.005494505494505495 
n4 -> n9 I 0.005494505494505495 
n4 -> n9 J 0.005494505494505495 
n4 -> n9 K 0.005494505494505495 
n4 -> n9 L 0.005494505494505495 
n4 -> n9 M 0.005494505494505495 
n4 -> n9 O 0.005494505494505495 
n4 -> I n1 0.005494505494505495 
n4 -> I n2 0.005494505494505495 
n4 -> I n3 0.005494505494505495 
n4 -> I n5 0.005494505494505495 
n4 -> I n6 0.005494505494505495 
n4 -> I n7 0.005494505494505495 
n4 -> I n8 0.005494505494505495 
n4 -> I n9 0.005494505494505495 
n4 -> I I 0.005494505494505495 
n4 -> I J 0.005494505494505495 
n4 -> I K 0.005494505494505495 
n4 -> I L 0.005494505494505495 
n4 -> I M 0.005494505494505495 
n4 -> I O 0.005494505494505495 
n4 -> J n1 0.005494505494505495 
n4 -> J n2 0.005494505494505495 
n4 -> J n3 0.005494505494505495 
n4 -> J n5 0.005494505494505495 
n4 -> J n6 0.005494505494505495 
n4 -> J n7 0.005494505494505495 
n4 -> J n8 0.005494505494505495 
n4 -> J n9 0.005494505494505495 
n4 -> J I 0.005494505494505495 
n4 -> J J 0.005494505494505495 
n4 -> J K 0.005494505494505495 
n4 -> J L 0.005494505494505495 
n4 -> J M 0.005494505494505495 
n4 -> J O 0.005494505494505495 
n4 -> K n1 0.005494505494505495 
n4 -> K n2 0.005494505494505495 
n4 -> K n3 0.005494505494505495 
n4 -> K n5 0.005494505494505495 
n4 -> K n6 0.005494505494505495 
n4 -> K n7 0.005494505494505495 
n4 -> K n8 0.005494505494505495 
n4 -> K n9 0.005494505494505495 
n4 -> K I 0.005494505494505495 
n4 -> K J 0.005494505494505495 
n4 -> K K 0.005494505494505495 
n4 -> K L 0.005494505494505495 
n4 -> K M 0.005494505494505495 
n4 -> K O 0.005494505494505495 
n4 -> L n1 0.005494505494505495 
n4 -> L n2 0.005494505494505495 
n4 -> L n3 0.005494505494505495 
n4 -> L n5 0.005494505494505495 
n4 -> L n6 0.005494505494505495 
n4 -> L n7 0.005494505494505495 
n4 -> L n8 0.005494505494505495 
n4 -> L n9 0.005494505494505495 
n4 -> L I 0.005494505494505495 
n4 -> L J 0.005494505494505495 
n4 -> L K 0.005494505494505495 
n4 -> L L 0.005494505494505495 
n4 -> L M 0.005494505494505495 
n4 -> L O 0.005494505494505495 
n4 -> M n1 0.005494505494505495 
n4 -> M n2 0.005494505494505495 
n4 -> M n3 0.005494505494505495 
n4 -> M n5 0.005494505494505495 
n4 -> M n6 0.005494505494505495 
n4 -> M n7 0.005494505494505495 
n4 -> M n8 0.005494505494505495 
n4 -> M n9 0.005494505494505495 
n4 -> M I 0.005494505494505495 
n4 -> M J 0.005494505494505495 
n4 -> M K 0.005494505494505495 
n4 -> M L 0.005494505494505495 
n4 -> M M 0.005494505494505495 
n4 -> M O 0.005494505494505495 
n4 -> O n1 0.005494505494505495 
n4 -> O n2 0.005494505494505495 
n4 -> O n3 0.005494505494505495 
n4 -> O n5 0.005494505494505495 
n4 -> O n6 0.005494505494505495 
n4 -> O n7 0.005494505494505495 
n4 -> O n8 0.005494505494505495 
n4 -> O n9 0.005494505494505495 
n4 -> O I 0.005494505494505495 
n4 -> O J 0.005494505494505495 
n4 -> O K 0.005494505494505495 
n4 -> O L 0.005494505494505495 
n4 -> O M 0.005494505494505495 
n4 -> O O 0.005494505494505495 
n5 -> n1 n1 0.005494505494505495 
n5 -> n1 n2 0.005494505494505495 
n5 -> n1 n3 0.005494505494505495 
n5 -> n1 n4 0.005494505494505495 
n5 -> n1 n6 0.005494505494505495 
n5 -> n1 n7 0.005494505494505495 
n5 -> n1 n8 0.005494505494505495 
n5 -> n1 n9 0.005494505494505495 
n5 -> n1 I 0.005494505494505495 
n5 -> n1 J 0.005494505494505495 
n5 -> n1 K 0.005494505494505495 
n5 -> n1 L 0.005494505494505495 
n5 -> n1 M 0.005494505494505495 
n5 -> n1 O 0.005494505494505495 
n5 -> n2 n1 0.005494505494505495 
n5 -> n2 n2 0.005494505494505495 
n5 -> n2 n3 0.005494505494505495 
n5 -> n2 n4 0.005494505494505495 
n5 -> n2 n6 0.005494505494505495 
n5 -> n2 n7 0.005494505494505495 
n5 -> n2 n8 0.005494505494505495 
n5 -> n2 n9 0.005494505494505495 
n5 -> n2 I 0.005494505494505495 
n5 -> n2 J 0.005494505494505495 
n5 -> n2 K 0.005494505494505495 
n5 -> n2 L 0.005494505494505495 
n5 -> n2 M 0.005494505494505495 
n5 -> n2 O 0.005494505494505495 
n5 -> n3 n1 0.005494505494505495 
n5 -> n3 n2 0.005494505494505495 
n5 -> n3 n3 0.005494505494505495 
n5 -> n3 n4 0.005494505494505495 
n5 -> n3 n6 0.005494505494505495 
n5 -> n3 n7 0.005494505494505495 
n5 -> n3 n8 0.005494505494505495 
n5 -> n3 n9 0.005494505494505495 
n5 -> n3 I 0.005494505494505495 
n5 -> n3 J 0.005494505494505495 
n5 -> n3 K 0.005494505494505495 
n5 -> n3 L 0.005494505494505495 
n5 -> n3 M 0.005494505494505495 
n5 -> n3 O 0.005494505494505495 
n5 -> n4 n1 0.005494505494505495 
n5 -> n4 n2 0.005494505494505495 
n5 -> n4 n3 0.005494505494505495 
n5 -> n4 n4 0.005494505494505495 
n5 -> n4 n6 0.005494505494505495 
n5 -> n4 n7 0.005494505494505495 
n5 -> n4 n8 0.005494505494505495 
n5 -> n4 n9 0.005494505494505495 
n5 -> n4 I 0.005494505494505495 
n5 -> n4 J 0.005494505494505495 
n5 -> n4 K 0.005494505494505495 
n5 -> n4 L 0.005494505494505495 
n5 -> n4 M 0.005494505494505495 
n5 -> n4 O 0.005494505494505495 
n5 -> n6 n1 0.005494505494505495 
n5 -> n6 n2 0.005494505494505495 
n5 -> n6 n3 0.005494505494505495 
n5 -> n6 n4 0.005494505494505495 
n5 -> n6 n6 0.005494505494505495 
n5 -> n6 n7 0.005494505494505495 
n5 -> n6 n8 0.005494505494505495 
n5 -> n6 n9 0.005494505494505495 
n5 -> n6 I 0.005494505494505495 
n5 -> n6 J 0.005494505494505495 
n5 -> n6 K 0.005494505494505495 
n5 -> n6 L 0.005494505494505495 
n5 -> n6 M 0.005494505494505495 
n5 -> n6 O 0.005494505494505495 
n5 -> n7 n1 0.005494505494505495 
n5 -> n7 n2 0.005494505494505495 
n5 -> n7 n3 0.005494505494505495 
n5 -> n7 n4 0.005494505494505495 
n5 -> n7 n6 0.005494505494505495 
n5 -> n7 n7 0.005494505494505495 
n5 -> n7 n8 0.005494505494505495 
n5 -> n7 n9 0.005494505494505495 
n5 -> n7 I 0.005494505494505495 
n5 -> n7 J 0.005494505494505495 
n5 -> n7 K 0.005494505494505495 
n5 -> n7 L 0.005494505494505495 
n5 -> n7 M 0.005494505494505495 
n5 -> n7 O 0.005494505494505495 
n5 -> n8 n1 0.005494505494505495 
n5 -> n8 n2 0.005494505494505495 
n5 -> n8 n3 0.005494505494505495 
n5 -> n8 n4 0.005494505494505495 
n5 -> n8 n6 0.005494505494505495 
n5 -> n8 n7 0.005494505494505495 
n5 -> n8 n8 0.005494505494505495 
n5 -> n8 n9 0.005494505494505495 
n5 -> n8 I 0.005494505494505495 
n5 -> n8 J 0.005494505494505495 
n5 -> n8 K 0.005494505494505495 
n5 -> n8 L 0.005494505494505495 
n5 -> n8 M 0.005494505494505495 
n5 -> n8 O 0.005494505494505495 
n5 -> n9 n1 0.005494505494505495 
n5 -> n9 n2 0.005494505494505495 
n5 -> n9 n3 0.005494505494505495 
n5 -> n9 n4 0.005494505494505495 
n5 -> n9 n6 0.005494505494505495 
n5 -> n9 n7 0.005494505494505495 
n5 -> n9 n8 0.005494505494505495 
n5 -> n9 n9 0.005494505494505495 
n5 -> n9 I 0.005494505494505495 
n5 -> n9 J 0.005494505494505495 
n5 -> n9 K 0.005494505494505495 
n5 -> n9 L 0.005494505494505495 
n5 -> n9 M 0.005494505494505495 
n5 -> n9 O 0.005494505494505495 
n5 -> I n1 0.005494505494505495 
n5 -> I n2 0.005494505494505495 
n5 -> I n3 0.005494505494505495 
n5 -> I n4 0.005494505494505495 
n5 -> I n6 0.005494505494505495 
n5 -> I n7 0.005494505494505495 
n5 -> I n8 0.005494505494505495 
n5 -> I n9 0.005494505494505495 
n5 -> I I 0.005494505494505495 
n5 -> I J 0.005494505494505495 
n5 -> I K 0.005494505494505495 
n5 -> I L 0.005494505494505495 
n5 -> I M 0.005494505494505495 
n5 -> I O 0.005494505494505495 
n5 -> J n1 0.005494505494505495 
n5 -> J n2 0.005494505494505495 
n5 -> J n3 0.005494505494505495 
n5 -> J n4 0.005494505494505495 
n5 -> J n6 0.005494505494505495 
n5 -> J n7 0.005494505494505495 
n5 -> J n8 0.005494505494505495 
n5 -> J n9 0.005494505494505495 
n5 -> J I 0.005494505494505495 
n5 -> J J 0.005494505494505495 
n5 -> J K 0.005494505494505495 
n5 -> J L 0.005494505494505495 
n5 -> J M 0.005494505494505495 
n5 -> J O 0.005494505494505495 
n5 -> K n1 0.005494505494505495 
n5 -> K n2 0.005494505494505495 
n5 -> K n3 0.005494505494505495 
n5 -> K n4 0.005494505494505495 
n5 -> K n6 0.005494505494505495 
n5 -> K n7 0.005494505494505495 
n5 -> K n8 0.005494505494505495 
n5 -> K n9 0.005494505494505495 
n5 -> K I 0.005494505494505495 
n5 -> K J 0.005494505494505495 
n5 -> K K 0.005494505494505495 
n5 -> K L 0.005494505494505495 
n5 -> K M 0.005494505494505495 
n5 -> K O 0.005494505494505495 
n5 -> L n1 0.005494505494505495 
n5 -> L n2 0.005494505494505495 
n5 -> L n3 0.005494505494505495 
n5 -> L n4 0.005494505494505495 
n5 -> L n6 0.005494505494505495 
n5 -> L n7 0.005494505494505495 
n5 -> L n8 0.005494505494505495 
n5 -> L n9 0.005494505494505495 
n5 -> L I 0.005494505494505495 
n5 -> L J 0.005494505494505495 
n5 -> L K 0.005494505494505495 
n5 -> L L 0.005494505494505495 
n5 -> L M 0.005494505494505495 
n5 -> L O 0.005494505494505495 
n5 -> M n1 0.005494505494505495 
n5 -> M n2 0.005494505494505495 
n5 -> M n3 0.005494505494505495 
n5 -> M n4 0.005494505494505495 
n5 -> M n6 0.005494505494505495 
n5 -> M n7 0.005494505494505495 
n5 -> M n8 0.005494505494505495 
n5 -> M n9 0.005494505494505495 
n5 -> M I 0.005494505494505495 
n5 -> M J 0.005494505494505495 
n5 -> M K 0.005494505494505495 
n5 -> M L 0.005494505494505495 
n5 -> M M 0.005494505494505495 
n5 -> M O 0.005494505494505495 
n5 -> O n1 0.005494505494505495 
n5 -> O n2 0.005494505494505495 
n5 -> O n3 0.005494505494505495 
n5 -> O n4 0.005494505494505495 
n5 -> O n6 0.005494505494505495 
n5 -> O n7 0.005494505494505495 
n5 -> O n8 0.005494505494505495 
n5 -> O n9 0.005494505494505495 
n5 -> O I 0.005494505494505495 
n5 -> O J 0.005494505494505495 
n5 -> O K 0.005494505494505495 
n5 -> O L 0.005494505494505495 
n5 -> O M 0.005494505494505495 
n5 -> O O 0.005494505494505495 
n6 -> n1 n1 0.005494505494505495 
n6 -> n1 n2 0.005494505494505495 
n6 -> n1 n3 0.005494505494505495 
n6 -> n1 n4 0.005494505494505495 
n6 -> n1 n5 0.005494505494505495 
n6 -> n1 n7 0.005494505494505495 
n6 -> n1 n8 0.005494505494505495 
n6 -> n1 n9 0.005494505494505495 
n6 -> n1 I 0.005494505494505495 
n6 -> n1 J 0.005494505494505495 
n6 -> n1 K 0.005494505494505495 
n6 -> n1 L 0.005494505494505495 
n6 -> n1 M 0.005494505494505495 
n6 -> n1 O 0.005494505494505495 
n6 -> n2 n1 0.005494505494505495 
n6 -> n2 n2 0.005494505494505495 
n6 -> n2 n3 0.005494505494505495 
n6 -> n2 n4 0.005494505494505495 
n6 -> n2 n5 0.005494505494505495 
n6 -> n2 n7 0.005494505494505495 
n6 -> n2 n8 0.005494505494505495 
n6 -> n2 n9 0.005494505494505495 
n6 -> n2 I 0.005494505494505495 
n6 -> n2 J 0.005494505494505495 
n6 -> n2 K 0.005494505494505495 
n6 -> n2 L 0.005494505494505495 
n6 -> n2 M 0.005494505494505495 
n6 -> n2 O 0.005494505494505495 
n6 -> n3 n1 0.005494505494505495 
n6 -> n3 n2 0.005494505494505495 
n6 -> n3 n3 0.005494505494505495 
n6 -> n3 n4 0.005494505494505495 
n6 -> n3 n5 0.005494505494505495 
n6 -> n3 n7 0.005494505494505495 
n6 -> n3 n8 0.005494505494505495 
n6 -> n3 n9 0.005494505494505495 
n6 -> n3 I 0.005494505494505495 
n6 -> n3 J 0.005494505494505495 
n6 -> n3 K 0.005494505494505495 
n6 -> n3 L 0.005494505494505495 
n6 -> n3 M 0.005494505494505495 
n6 -> n3 O 0.005494505494505495 
n6 -> n4 n1 0.005494505494505495 
n6 -> n4 n2 0.005494505494505495 
n6 -> n4 n3 0.005494505494505495 
n6 -> n4 n4 0.005494505494505495 
n6 -> n4 n5 0.005494505494505495 
n6 -> n4 n7 0.005494505494505495 
n6 -> n4 n8 0.005494505494505495 
n6 -> n4 n9 0.005494505494505495 
n6 -> n4 I 0.005494505494505495 
n6 -> n4 J 0.005494505494505495 
n6 -> n4 K 0.005494505494505495 
n6 -> n4 L 0.005494505494505495 
n6 -> n4 M 0.005494505494505495 
n6 -> n4 O 0.005494505494505495 
n6 -> n5 n1 0.005494505494505495 
n6 -> n5 n2 0.005494505494505495 
n6 -> n5 n3 0.005494505494505495 
n6 -> n5 n4 0.005494505494505495 
n6 -> n5 n5 0.005494505494505495 
n6 -> n5 n7 0.005494505494505495 
n6 -> n5 n8 0.005494505494505495 
n6 -> n5 n9 0.005494505494505495 
n6 -> n5 I 0.005494505494505495 
n6 -> n5 J 0.005494505494505495 
n6 -> n5 K 0.005494505494505495 
n6 -> n5 L 0.005494505494505495 
n6 -> n5 M 0.005494505494505495 
n6 -> n5 O 0.005494505494505495 
n6 -> n7 n1 0.005494505494505495 
n6 -> n7 n2 0.005494505494505495 
n6 -> n7 n3 0.005494505494505495 
n6 -> n7 n4 0.005494505494505495 
n6 -> n7 n5 0.005494505494505495 
n6 -> n7 n7 0.005494505494505495 
n6 -> n7 n8 0.005494505494505495 
n6 -> n7 n9 0.005494505494505495 
n6 -> n7 I 0.005494505494505495 
n6 -> n7 J 0.005494505494505495 
n6 -> n7 K 0.005494505494505495 
n6 -> n7 L 0.005494505494505495 
n6 -> n7 M 0.005494505494505495 
n6 -> n7 O 0.005494505494505495 
n6 -> n8 n1 0.005494505494505495 
n6 -> n8 n2 0.005494505494505495 
n6 -> n8 n3 0.005494505494505495 
n6 -> n8 n4 0.005494505494505495 
n6 -> n8 n5 0.005494505494505495 
n6 -> n8 n7 0.005494505494505495 
n6 -> n8 n8 0.005494505494505495 
n6 -> n8 n9 0.005494505494505495 
n6 -> n8 I 0.005494505494505495 
n6 -> n8 J 0.005494505494505495 
n6 -> n8 K 0.005494505494505495 
n6 -> n8 L 0.005494505494505495 
n6 -> n8 M 0.005494505494505495 
n6 -> n8 O 0.005494505494505495 
n6 -> n9 n1 0.005494505494505495 
n6 -> n9 n2 0.005494505494505495 
n6 -> n9 n3 0.005494505494505495 
n6 -> n9 n4 0.005494505494505495 
n6 -> n9 n5 0.005494505494505495 
n6 -> n9 n7 0.005494505494505495 
n6 -> n9 n8 0.005494505494505495 
n6 -> n9 n9 0.005494505494505495 
n6 -> n9 I 0.005494505494505495 
n6 -> n9 J 0.005494505494505495 
n6 -> n9 K 0.005494505494505495 
n6 -> n9 L 0.005494505494505495 
n6 -> n9 M 0.005494505494505495 
n6 -> n9 O 0.005494505494505495 
n6 -> I n1 0.005494505494505495 
n6 -> I n2 0.005494505494505495 
n6 -> I n3 0.005494505494505495 
n6 -> I n4 0.005494505494505495 
n6 -> I n5 0.005494505494505495 
n6 -> I n7 0.005494505494505495 
n6 -> I n8 0.005494505494505495 
n6 -> I n9 0.005494505494505495 
n6 -> I I 0.005494505494505495 
n6 -> I J 0.005494505494505495 
n6 -> I K 0.005494505494505495 
n6 -> I L 0.005494505494505495 
n6 -> I M 0.005494505494505495 
n6 -> I O 0.005494505494505495 
n6 -> J n1 0.005494505494505495 
n6 -> J n2 0.005494505494505495 
n6 -> J n3 0.005494505494505495 
n6 -> J n4 0.005494505494505495 
n6 -> J n5 0.005494505494505495 
n6 -> J n7 0.005494505494505495 
n6 -> J n8 0.005494505494505495 
n6 -> J n9 0.005494505494505495 
n6 -> J I 0.005494505494505495 
n6 -> J J 0.005494505494505495 
n6 -> J K 0.005494505494505495 
n6 -> J L 0.005494505494505495 
n6 -> J M 0.005494505494505495 
n6 -> J O 0.005494505494505495 
n6 -> K n1 0.005494505494505495 
n6 -> K n2 0.005494505494505495 
n6 -> K n3 0.005494505494505495 
n6 -> K n4 0.005494505494505495 
n6 -> K n5 0.005494505494505495 
n6 -> K n7 0.005494505494505495 
n6 -> K n8 0.005494505494505495 
n6 -> K n9 0.005494505494505495 
n6 -> K I 0.005494505494505495 
n6 -> K J 0.005494505494505495 
n6 -> K K 0.005494505494505495 
n6 -> K L 0.005494505494505495 
n6 -> K M 0.005494505494505495 
n6 -> K O 0.005494505494505495 
n6 -> L n1 0.005494505494505495 
n6 -> L n2 0.005494505494505495 
n6 -> L n3 0.005494505494505495 
n6 -> L n4 0.005494505494505495 
n6 -> L n5 0.005494505494505495 
n6 -> L n7 0.005494505494505495 
n6 -> L n8 0.005494505494505495 
n6 -> L n9 0.005494505494505495 
n6 -> L I 0.005494505494505495 
n6 -> L J 0.005494505494505495 
n6 -> L K 0.005494505494505495 
n6 -> L L 0.005494505494505495 
n6 -> L M 0.005494505494505495 
n6 -> L O 0.005494505494505495 
n6 -> M n1 0.005494505494505495 
n6 -> M n2 0.005494505494505495 
n6 -> M n3 0.005494505494505495 
n6 -> M n4 0.005494505494505495 
n6 -> M n5 0.005494505494505495 
n6 -> M n7 0.005494505494505495 
n6 -> M n8 0.005494505494505495 
n6 -> M n9 0.005494505494505495 
n6 -> M I 0.005494505494505495 
n6 -> M J 0.005494505494505495 
n6 -> M K 0.005494505494505495 
n6 -> M L 0.005494505494505495 
n6 -> M M 0.005494505494505495 
n6 -> M O 0.005494505494505495 
n6 -> O n1 0.005494505494505495 
n6 -> O n2 0.005494505494505495 
n6 -> O n3 0.005494505494505495 
n6 -> O n4 0.005494505494505495 
n6 -> O n5 0.005494505494505495 
n6 -> O n7 0.005494505494505495 
n6 -> O n8 0.005494505494505495 
n6 -> O n9 0.005494505494505495 
n6 -> O I 0.005494505494505495 
n6 -> O J 0.005494505494505495 
n6 -> O K 0.005494505494505495 
n6 -> O L 0.005494505494505495 
n6 -> O M 0.005494505494505495 
n6 -> O O 0.005494505494505495 
n7 -> n1 n1 0.005494505494505495 
n7 -> n1 n2 0.005494505494505495 
n7 -> n1 n3 0.005494505494505495 
n7 -> n1 n4 0.005494505494505495 
n7 -> n1 n5 0.005494505494505495 
n7 -> n1 n6 0.005494505494505495 
n7 -> n1 n8 0.005494505494505495 
n7 -> n1 n9 0.005494505494505495 
n7 -> n1 I 0.005494505494505495 
n7 -> n1 J 0.005494505494505495 
n7 -> n1 K 0.005494505494505495 
n7 -> n1 L 0.005494505494505495 
n7 -> n1 M 0.005494505494505495 
n7 -> n1 O 0.005494505494505495 
n7 -> n2 n1 0.005494505494505495 
n7 -> n2 n2 0.005494505494505495 
n7 -> n2 n3 0.005494505494505495 
n7 -> n2 n4 0.005494505494505495 
n7 -> n2 n5 0.005494505494505495 
n7 -> n2 n6 0.005494505494505495 
n7 -> n2 n8 0.005494505494505495 
n7 -> n2 n9 0.005494505494505495 
n7 -> n2 I 0.005494505494505495 
n7 -> n2 J 0.005494505494505495 
n7 -> n2 K 0.005494505494505495 
n7 -> n2 L 0.005494505494505495 
n7 -> n2 M 0.005494505494505495 
n7 -> n2 O 0.005494505494505495 
n7 -> n3 n1 0.005494505494505495 
n7 -> n3 n2 0.005494505494505495 
n7 -> n3 n3 0.005494505494505495 
n7 -> n3 n4 0.005494505494505495 
n7 -> n3 n5 0.005494505494505495 
n7 -> n3 n6 0.005494505494505495 
n7 -> n3 n8 0.005494505494505495 
n7 -> n3 n9 0.005494505494505495 
n7 -> n3 I 0.005494505494505495 
n7 -> n3 J 0.005494505494505495 
n7 -> n3 K 0.005494505494505495 
n7 -> n3 L 0.005494505494505495 
n7 -> n3 M 0.005494505494505495 
n7 -> n3 O 0.005494505494505495 
n7 -> n4 n1 0.005494505494505495 
n7 -> n4 n2 0.005494505494505495 
n7 -> n4 n3 0.005494505494505495 
n7 -> n4 n4 0.005494505494505495 
n7 -> n4 n5 0.005494505494505495 
n7 -> n4 n6 0.005494505494505495 
n7 -> n4 n8 0.005494505494505495 
n7 -> n4 n9 0.005494505494505495 
n7 -> n4 I 0.005494505494505495 
n7 -> n4 J 0.005494505494505495 
n7 -> n4 K 0.005494505494505495 
n7 -> n4 L 0.005494505494505495 
n7 -> n4 M 0.005494505494505495 
n7 -> n4 O 0.005494505494505495 
n7 -> n5 n1 0.005494505494505495 
n7 -> n5 n2 0.005494505494505495 
n7 -> n5 n3 0.005494505494505495 
n7 -> n5 n4 0.005494505494505495 
n7 -> n5 n5 0.005494505494505495 
n7 -> n5 n6 0.005494505494505495 
n7 -> n5 n8 0.005494505494505495 
n7 -> n5 n9 0.005494505494505495 
n7 -> n5 I 0.005494505494505495 
n7 -> n5 J 0.005494505494505495 
n7 -> n5 K 0.005494505494505495 
n7 -> n5 L 0.005494505494505495 
n7 -> n5 M 0.005494505494505495 
n7 -> n5 O 0.005494505494505495 
n7 -> n6 n1 0.005494505494505495 
n7 -> n6 n2 0.005494505494505495 
n7 -> n6 n3 0.005494505494505495 
n7 -> n6 n4 0.005494505494505495 
n7 -> n6 n5 0.005494505494505495 
n7 -> n6 n6 0.005494505494505495 
n7 -> n6 n8 0.005494505494505495 
n7 -> n6 n9 0.005494505494505495 
n7 -> n6 I 0.005494505494505495 
n7 -> n6 J 0.005494505494505495 
n7 -> n6 K 0.005494505494505495 
n7 -> n6 L 0.005494505494505495 
n7 -> n6 M 0.005494505494505495 
n7 -> n6 O 0.005494505494505495 
n7 -> n8 n1 0.005494505494505495 
n7 -> n8 n2 0.005494505494505495 
n7 -> n8 n3 0.005494505494505495 
n7 -> n8 n4 0.005494505494505495 
n7 -> n8 n5 0.005494505494505495 
n7 -> n8 n6 0.005494505494505495 
n7 -> n8 n8 0.005494505494505495 
n7 -> n8 n9 0.005494505494505495 
n7 -> n8 I 0.005494505494505495 
n7 -> n8 J 0.005494505494505495 
n7 -> n8 K 0.005494505494505495 
n7 -> n8 L 0.005494505494505495 
n7 -> n8 M 0.005494505494505495 
n7 -> n8 O 0.005494505494505495 
n7 -> n9 n1 0.005494505494505495 
n7 -> n9 n2 0.005494505494505495 
n7 -> n9 n3 0.005494505494505495 
n7 -> n9 n4 0.005494505494505495 
n7 -> n9 n5 0.005494505494505495 
n7 -> n9 n6 0.005494505494505495 
n7 -> n9 n8 0.005494505494505495 
n7 -> n9 n9 0.005494505494505495 
n7 -> n9 I 0.005494505494505495 
n7 -> n9 J 0.005494505494505495 
n7 -> n9 K 0.005494505494505495 
n7 -> n9 L 0.005494505494505495 
n7 -> n9 M 0.005494505494505495 
n7 -> n9 O 0.005494505494505495 
n7 -> I n1 0.005494505494505495 
n7 -> I n2 0.005494505494505495 
n7 -> I n3 0.005494505494505495 
n7 -> I n4 0.005494505494505495 
n7 -> I n5 0.005494505494505495 
n7 -> I n6 0.005494505494505495 
n7 -> I n8 0.005494505494505495 
n7 -> I n9 0.005494505494505495 
n7 -> I I 0.005494505494505495 
n7 -> I J 0.005494505494505495 
n7 -> I K 0.005494505494505495 
n7 -> I L 0.005494505494505495 
n7 -> I M 0.005494505494505495 
n7 -> I O 0.005494505494505495 
n7 -> J n1 0.005494505494505495 
n7 -> J n2 0.005494505494505495 
n7 -> J n3 0.005494505494505495 
n7 -> J n4 0.005494505494505495 
n7 -> J n5 0.005494505494505495 
n7 -> J n6 0.005494505494505495 
n7 -> J n8 0.005494505494505495 
n7 -> J n9 0.005494505494505495 
n7 -> J I 0.005494505494505495 
n7 -> J J 0.005494505494505495 
n7 -> J K 0.005494505494505495 
n7 -> J L 0.005494505494505495 
n7 -> J M 0.005494505494505495 
n7 -> J O 0.005494505494505495 
n7 -> K n1 0.005494505494505495 
n7 -> K n2 0.005494505494505495 
n7 -> K n3 0.005494505494505495 
n7 -> K n4 0.005494505494505495 
n7 -> K n5 0.005494505494505495 
n7 -> K n6 0.005494505494505495 
n7 -> K n8 0.005494505494505495 
n7 -> K n9 0.005494505494505495 
n7 -> K I 0.005494505494505495 
n7 -> K J 0.005494505494505495 
n7 -> K K 0.005494505494505495 
n7 -> K L 0.005494505494505495 
n7 -> K M 0.005494505494505495 
n7 -> K O 0.005494505494505495 
n7 -> L n1 0.005494505494505495 
n7 -> L n2 0.005494505494505495 
n7 -> L n3 0.005494505494505495 
n7 -> L n4 0.005494505494505495 
n7 -> L n5 0.005494505494505495 
n7 -> L n6 0.005494505494505495 
n7 -> L n8 0.005494505494505495 
n7 -> L n9 0.005494505494505495 
n7 -> L I 0.005494505494505495 
n7 -> L J 0.005494505494505495 
n7 -> L K 0.005494505494505495 
n7 -> L L 0.005494505494505495 
n7 -> L M 0.005494505494505495 
n7 -> L O 0.005494505494505495 
n7 -> M n1 0.005494505494505495 
n7 -> M n2 0.005494505494505495 
n7 -> M n3 0.005494505494505495 
n7 -> M n4 0.005494505494505495 
n7 -> M n5 0.005494505494505495 
n7 -> M n6 0.005494505494505495 
n7 -> M n8 0.005494505494505495 
n7 -> M n9 0.005494505494505495 
n7 -> M I 0.005494505494505495 
n7 -> M J 0.005494505494505495 
n7 -> M K 0.005494505494505495 
n7 -> M L 0.005494505494505495 
n7 -> M M 0.005494505494505495 
n7 -> M O 0.005494505494505495 
n7 -> O n1 0.005494505494505495 
n7 -> O n2 0.005494505494505495 
n7 -> O n3 0.005494505494505495 
n7 -> O n4 0.005494505494505495 
n7 -> O n5 0.005494505494505495 
n7 -> O n6 0.005494505494505495 
n7 -> O n8 0.005494505494505495 
n7 -> O n9 0.005494505494505495 
n7 -> O I 0.005494505494505495 
n7 -> O J 0.005494505494505495 
n7 -> O K 0.005494505494505495 
n7 -> O L 0.005494505494505495 
n7 -> O M 0.005494505494505495 
n7 -> O O 0.005494505494505495 
n8 -> n1 n1 0.005494505494505495 
n8 -> n1 n2 0.005494505494505495 
n8 -> n1 n3 0.005494505494505495 
n8 -> n1 n4 0.005494505494505495 
n8 -> n1 n5 0.005494505494505495 
n8 -> n1 n6 0.005494505494505495 
n8 -> n1 n7 0.005494505494505495 
n8 -> n1 n9 0.005494505494505495 
n8 -> n1 I 0.005494505494505495 
n8 -> n1 J 0.005494505494505495 
n8 -> n1 K 0.005494505494505495 
n8 -> n1 L 0.005494505494505495 
n8 -> n1 M 0.005494505494505495 
n8 -> n1 O 0.005494505494505495 
n8 -> n2 n1 0.005494505494505495 
n8 -> n2 n2 0.005494505494505495 
n8 -> n2 n3 0.005494505494505495 
n8 -> n2 n4 0.005494505494505495 
n8 -> n2 n5 0.005494505494505495 
n8 -> n2 n6 0.005494505494505495 
n8 -> n2 n7 0.005494505494505495 
n8 -> n2 n9 0.005494505494505495 
n8 -> n2 I 0.005494505494505495 
n8 -> n2 J 0.005494505494505495 
n8 -> n2 K 0.005494505494505495 
n8 -> n2 L 0.005494505494505495 
n8 -> n2 M 0.005494505494505495 
n8 -> n2 O 0.005494505494505495 
n8 -> n3 n1 0.005494505494505495 
n8 -> n3 n2 0.005494505494505495 
n8 -> n3 n3 0.005494505494505495 
n8 -> n3 n4 0.005494505494505495 
n8 -> n3 n5 0.005494505494505495 
n8 -> n3 n6 0.005494505494505495 
n8 -> n3 n7 0.005494505494505495 
n8 -> n3 n9 0.005494505494505495 
n8 -> n3 I 0.005494505494505495 
n8 -> n3 J 0.005494505494505495 
n8 -> n3 K 0.005494505494505495 
n8 -> n3 L 0.005494505494505495 
n8 -> n3 M 0.005494505494505495 
n8 -> n3 O 0.005494505494505495 
n8 -> n4 n1 0.005494505494505495 
n8 -> n4 n2 0.005494505494505495 
n8 -> n4 n3 0.005494505494505495 
n8 -> n4 n4 0.005494505494505495 
n8 -> n4 n5 0.005494505494505495 
n8 -> n4 n6 0.005494505494505495 
n8 -> n4 n7 0.005494505494505495 
n8 -> n4 n9 0.005494505494505495 
n8 -> n4 I 0.005494505494505495 
n8 -> n4 J 0.005494505494505495 
n8 -> n4 K 0.005494505494505495 
n8 -> n4 L 0.005494505494505495 
n8 -> n4 M 0.005494505494505495 
n8 -> n4 O 0.005494505494505495 
n8 -> n5 n1 0.005494505494505495 
n8 -> n5 n2 0.005494505494505495 
n8 -> n5 n3 0.005494505494505495 
n8 -> n5 n4 0.005494505494505495 
n8 -> n5 n5 0.005494505494505495 
n8 -> n5 n6 0.005494505494505495 
n8 -> n5 n7 0.005494505494505495 
n8 -> n5 n9 0.005494505494505495 
n8 -> n5 I 0.005494505494505495 
n8 -> n5 J 0.005494505494505495 
n8 -> n5 K 0.005494505494505495 
n8 -> n5 L 0.005494505494505495 
n8 -> n5 M 0.005494505494505495 
n8 -> n5 O 0.005494505494505495 
n8 -> n6 n1 0.005494505494505495 
n8 -> n6 n2 0.005494505494505495 
n8 -> n6 n3 0.005494505494505495 
n8 -> n6 n4 0.005494505494505495 
n8 -> n6 n5 0.005494505494505495 
n8 -> n6 n6 0.005494505494505495 
n8 -> n6 n7 0.005494505494505495 
n8 -> n6 n9 0.005494505494505495 
n8 -> n6 I 0.005494505494505495 
n8 -> n6 J 0.005494505494505495 
n8 -> n6 K 0.005494505494505495 
n8 -> n6 L 0.005494505494505495 
n8 -> n6 M 0.005494505494505495 
n8 -> n6 O 0.005494505494505495 
n8 -> n7 n1 0.005494505494505495 
n8 -> n7 n2 0.005494505494505495 
n8 -> n7 n3 0.005494505494505495 
n8 -> n7 n4 0.005494505494505495 
n8 -> n7 n5 0.005494505494505495 
n8 -> n7 n6 0.005494505494505495 
n8 -> n7 n7 0.005494505494505495 
n8 -> n7 n9 0.005494505494505495 
n8 -> n7 I 0.005494505494505495 
n8 -> n7 J 0.005494505494505495 
n8 -> n7 K 0.005494505494505495 
n8 -> n7 L 0.005494505494505495 
n8 -> n7 M 0.005494505494505495 
n8 -> n7 O 0.005494505494505495 
n8 -> n9 n1 0.005494505494505495 
n8 -> n9 n2 0.005494505494505495 
n8 -> n9 n3 0.005494505494505495 
n8 -> n9 n4 0.005494505494505495 
n8 -> n9 n5 0.005494505494505495 
n8 -> n9 n6 0.005494505494505495 
n8 -> n9 n7 0.005494505494505495 
n8 -> n9 n9 0.005494505494505495 
n8 -> n9 I 0.005494505494505495 
n8 -> n9 J 0.005494505494505495 
n8 -> n9 K 0.005494505494505495 
n8 -> n9 L 0.005494505494505495 
n8 -> n9 M 0.005494505494505495 
n8 -> n9 O 0.005494505494505495 
n8 -> I n1 0.005494505494505495 
n8 -> I n2 0.005494505494505495 
n8 -> I n3 0.005494505494505495 
n8 -> I n4 0.005494505494505495 
n8 -> I n5 0.005494505494505495 
n8 -> I n6 0.005494505494505495 
n8 -> I n7 0.005494505494505495 
n8 -> I n9 0.005494505494505495 
n8 -> I I 0.005494505494505495 
n8 -> I J 0.005494505494505495 
n8 -> I K 0.005494505494505495 
n8 -> I L 0.005494505494505495 
n8 -> I M 0.005494505494505495 
n8 -> I O 0.005494505494505495 
n8 -> J n1 0.005494505494505495 
n8 -> J n2 0.005494505494505495 
n8 -> J n3 0.005494505494505495 
n8 -> J n4 0.005494505494505495 
n8 -> J n5 0.005494505494505495 
n8 -> J n6 0.005494505494505495 
n8 -> J n7 0.005494505494505495 
n8 -> J n9 0.005494505494505495 
n8 -> J I 0.005494505494505495 
n8 -> J J 0.005494505494505495 
n8 -> J K 0.005494505494505495 
n8 -> J L 0.005494505494505495 
n8 -> J M 0.005494505494505495 
n8 -> J O 0.005494505494505495 
n8 -> K n1 0.005494505494505495 
n8 -> K n2 0.005494505494505495 
n8 -> K n3 0.005494505494505495 
n8 -> K n4 0.005494505494505495 
n8 -> K n5 0.005494505494505495 
n8 -> K n6 0.005494505494505495 
n8 -> K n7 0.005494505494505495 
n8 -> K n9 0.005494505494505495 
n8 -> K I 0.005494505494505495 
n8 -> K J 0.005494505494505495 
n8 -> K K 0.005494505494505495 
n8 -> K L 0.005494505494505495 
n8 -> K M 0.005494505494505495 
n8 -> K O 0.005494505494505495 
n8 -> L n1 0.005494505494505495 
n8 -> L n2 0.005494505494505495 
n8 -> L n3 0.005494505494505495 
n8 -> L n4 0.005494505494505495 
n8 -> L n5 0.005494505494505495 
n8 -> L n6 0.005494505494505495 
n8 -> L n7 0.005494505494505495 
n8 -> L n9 0.005494505494505495 
n8 -> L I 0.005494505494505495 
n8 -> L J 0.005494505494505495 
n8 -> L K 0.005494505494505495 
n8 -> L L 0.005494505494505495 
n8 -> L M 0.005494505494505495 
n8 -> L O 0.005494505494505495 
n8 -> M n1 0.005494505494505495 
n8 -> M n2 0.005494505494505495 
n8 -> M n3 0.005494505494505495 
n8 -> M n4 0.005494505494505495 
n8 -> M n5 0.005494505494505495 
n8 -> M n6 0.005494505494505495 
n8 -> M n7 0.005494505494505495 
n8 -> M n9 0.005494505494505495 
n8 -> M I 0.005494505494505495 
n8 -> M J 0.005494505494505495 
n8 -> M K 0.005494505494505495 
n8 -> M L 0.005494505494505495 
n8 -> M M 0.005494505494505495 
n8 -> M O 0.005494505494505495 
n8 -> O n1 0.005494505494505495 
n8 -> O n2 0.005494505494505495 
n8 -> O n3 0.005494505494505495 
n8 -> O n4 0.005494505494505495 
n8 -> O n5 0.005494505494505495 
n8 -> O n6 0.005494505494505495 
n8 -> O n7 0.005494505494505495 
n8 -> O n9 0.005494505494505495 
n8 -> O I 0.005494505494505495 
n8 -> O J 0.005494505494505495 
n8 -> O K 0.005494505494505495 
n8 -> O L 0.005494505494505495 
n8 -> O M 0.005494505494505495 
n8 -> O O 0.005494505494505495 
n9 -> n1 n1 0.005494505494505495 
n9 -> n1 n2 0.005494505494505495 
n9 -> n1 n3 0.005494505494505495 
n9 -> n1 n4 0.005494505494505495 
n9 -> n1 n5 0.005494505494505495 
n9 -> n1 n6 0.005494505494505495 
n9 -> n1 n7 0.005494505494505495 
n9 -> n1 n8 0.005494505494505495 
n9 -> n1 I 0.005494505494505495 
n9 -> n1 J 0.005494505494505495 
n9 -> n1 K 0.005494505494505495 
n9 -> n1 L 0.005494505494505495 
n9 -> n1 M 0.005494505494505495 
n9 -> n1 O 0.005494505494505495 
n9 -> n2 n1 0.005494505494505495 
n9 -> n2 n2 0.005494505494505495 
n9 -> n2 n3 0.005494505494505495 
n9 -> n2 n4 0.005494505494505495 
n9 -> n2 n5 0.005494505494505495 
n9 -> n2 n6 0.005494505494505495 
n9 -> n2 n7 0.005494505494505495 
n9 -> n2 n8 0.005494505494505495 
n9 -> n2 I 0.005494505494505495 
n9 -> n2 J 0.005494505494505495 
n9 -> n2 K 0.005494505494505495 
n9 -> n2 L 0.005494505494505495 
n9 -> n2 M 0.005494505494505495 
n9 -> n2 O 0.005494505494505495 
n9 -> n3 n1 0.005494505494505495 
n9 -> n3 n2 0.005494505494505495 
n9 -> n3 n3 0.005494505494505495 
n9 -> n3 n4 0.005494505494505495 
n9 -> n3 n5 0.005494505494505495 
n9 -> n3 n6 0.005494505494505495 
n9 -> n3 n7 0.005494505494505495 
n9 -> n3 n8 0.005494505494505495 
n9 -> n3 I 0.005494505494505495 
n9 -> n3 J 0.005494505494505495 
n9 -> n3 K 0.005494505494505495 
n9 -> n3 L 0.005494505494505495 
n9 -> n3 M 0.005494505494505495 
n9 -> n3 O 0.005494505494505495 
n9 -> n4 n1 0.005494505494505495 
n9 -> n4 n2 0.005494505494505495 
n9 -> n4 n3 0.005494505494505495 
n9 -> n4 n4 0.005494505494505495 
n9 -> n4 n5 0.005494505494505495 
n9 -> n4 n6 0.005494505494505495 
n9 -> n4 n7 0.005494505494505495 
n9 -> n4 n8 0.005494505494505495 
n9 -> n4 I 0.005494505494505495 
n9 -> n4 J 0.005494505494505495 
n9 -> n4 K 0.005494505494505495 
n9 -> n4 L 0.005494505494505495 
n9 -> n4 M 0.005494505494505495 
n9 -> n4 O 0.005494505494505495 
n9 -> n5 n1 0.005494505494505495 
n9 -> n5 n2 0.005494505494505495 
n9 -> n5 n3 0.005494505494505495 
n9 -> n5 n4 0.005494505494505495 
n9 -> n5 n5 0.005494505494505495 
n9 -> n5 n6 0.005494505494505495 
n9 -> n5 n7 0.005494505494505495 
n9 -> n5 n8 0.005494505494505495 
n9 -> n5 I 0.005494505494505495 
n9 -> n5 J 0.005494505494505495 
n9 -> n5 K 0.005494505494505495 
n9 -> n5 L 0.005494505494505495 
n9 -> n5 M 0.005494505494505495 
n9 -> n5 O 0.005494505494505495 
n9 -> n6 n1 0.005494505494505495 
n9 -> n6 n2 0.005494505494505495 
n9 -> n6 n3 0.005494505494505495 
n9 -> n6 n4 0.005494505494505495 
n9 -> n6 n5 0.005494505494505495 
n9 -> n6 n6 0.005494505494505495 
n9 -> n6 n7 0.005494505494505495 
n9 -> n6 n8 0.005494505494505495 
n9 -> n6 I 0.005494505494505495 
n9 -> n6 J 0.005494505494505495 
n9 -> n6 K 0.005494505494505495 
n9 -> n6 L 0.005494505494505495 
n9 -> n6 M 0.005494505494505495 
n9 -> n6 O 0.005494505494505495 
n9 -> n7 n1 0.005494505494505495 
n9 -> n7 n2 0.005494505494505495 
n9 -> n7 n3 0.005494505494505495 
n9 -> n7 n4 0.005494505494505495 
n9 -> n7 n5 0.005494505494505495 
n9 -> n7 n6 0.005494505494505495 
n9 -> n7 n7 0.005494505494505495 
n9 -> n7 n8 0.005494505494505495 
n9 -> n7 I 0.005494505494505495 
n9 -> n7 J 0.005494505494505495 
n9 -> n7 K 0.005494505494505495 
n9 -> n7 L 0.005494505494505495 
n9 -> n7 M 0.005494505494505495 
n9 -> n7 O 0.005494505494505495 
n9 -> n8 n1 0.005494505494505495 
n9 -> n8 n2 0.005494505494505495 
n9 -> n8 n3 0.005494505494505495 
n9 -> n8 n4 0.005494505494505495 
n9 -> n8 n5 0.005494505494505495 
n9 -> n8 n6 0.005494505494505495 
n9 -> n8 n7 0.005494505494505495 
n9 -> n8 n8 0.005494505494505495 
n9 -> n8 I 0.005494505494505495 
n9 -> n8 J 0.005494505494505495 
n9 -> n8 K 0.005494505494505495 
n9 -> n8 L 0.005494505494505495 
n9 -> n8 M 0.005494505494505495 
n9 -> n8 O 0.005494505494505495 
n9 -> I n1 0.005494505494505495 
n9 -> I n2 0.005494505494505495 
n9 -> I n3 0.005494505494505495 
n9 -> I n4 0.005494505494505495 
n9 -> I n5 0.005494505494505495 
n9 -> I n6 0.005494505494505495 
n9 -> I n7 0.005494505494505495 
n9 -> I n8 0.005494505494505495 
n9 -> I I 0.005494505494505495 
n9 -> I J 0.005494505494505495 
n9 -> I K 0.005494505494505495 
n9 -> I L 0.005494505494505495 
n9 -> I M 0.005494505494505495 
n9 -> I O 0.005494505494505495 
n9 -> J n1 0.005494505494505495 
n9 -> J n2 0.005494505494505495 
n9 -> J n3 0.005494505494505495 
n9 -> J n4 0.005494505494505495 
n9 -> J n5 0.005494505494505495 
n9 -> J n6 0.005494505494505495 
n9 -> J n7 0.005494505494505495 
n9 -> J n8 0.005494505494505495 
n9 -> J I 0.005494505494505495 
n9 -> J J 0.005494505494505495 
n9 -> J K 0.005494505494505495 
n9 -> J L 0.005494505494505495 
n9 -> J M 0.005494505494505495 
n9 -> J O 0.005494505494505495 
n9 -> K n1 0.005494505494505495 
n9 -> K n2 0.005494505494505495 
n9 -> K n3 0.005494505494505495 
n9 -> K n4 0.005494505494505495 
n9 -> K n5 0.005494505494505495 
n9 -> K n6 0.005494505494505495 
n9 -> K n7 0.005494505494505495 
n9 -> K n8 0.005494505494505495 
n9 -> K I 0.005494505494505495 
n9 -> K J 0.005494505494505495 
n9 -> K K 0.005494505494505495 
n9 -> K L 0.005494505494505495 
n9 -> K M 0.005494505494505495 
n9 -> K O 0.005494505494505495 
n9 -> L n1 0.005494505494505495 
n9 -> L n2 0.005494505494505495 
n9 -> L n3 0.005494505494505495 
n9 -> L n4 0.005494505494505495 
n9 -> L n5 0.005494505494505495 
n9 -> L n6 0.005494505494505495 
n9 -> L n7 0.005494505494505495 
n9 -> L n8 0.005494505494505495 
n9 -> L I 0.005494505494505495 
n9 -> L J 0.005494505494505495 
n9 -> L K 0.005494505494505495 
n9 -> L L 0.005494505494505495 
n9 -> L M 0.005494505494505495 
n9 -> L O 0.005494505494505495 
n9 -> M n1 0.005494505494505495 
n9 -> M n2 0.005494505494505495 
n9 -> M n3 0.005494505494505495 
n9 -> M n4 0.005494505494505495 
n9 -> M n5 0.005494505494505495 
n9 -> M n6 0.005494505494505495 
n9 -> M n7 0.005494505494505495 
n9 -> M n8 0.005494505494505495 
n9 -> M I 0.005494505494505495 
n9 -> M J 0.005494505494505495 
n9 -> M K 0.005494505494505495 
n9 -> M L 0.005494505494505495 
n9 -> M M 0.005494505494505495 
n9 -> M O 0.005494505494505495 
n9 -> O n1 0.005494505494505495 
n9 -> O n2 0.005494505494505495 
n9 -> O n3 0.005494505494505495 
n9 -> O n4 0.005494505494505495 
n9 -> O n5 0.005494505494505495 
n9 -> O n6 0.005494505494505495 
n9 -> O n7 0.005494505494505495 
n9 -> O n8 0.005494505494505495 
n9 -> O I 0.005494505494505495 
n9 -> O J 0.005494505494505495 
n9 -> O K 0.005494505494505495 
n9 -> O L 0.005494505494505495 
n9 -> O M 0.005494505494505495 
n9 -> O O 0.005494505494505495 
I -> 'i' 1.0 
J -> 'j' 1.0 
K -> 'k' 1.0 
L -> 'l' 1.0 
M -> 'm' 1.0 
O -> 'o' 1.0 
